<?xml version="1.0" encoding="UTF-8"?>
<!-- Generated by org.testng.reporters.JUnitReportReporter -->
<testsuite hostname="DESKTOP-L4023GU" failures="0" tests="1" name="TestCase.TestScript_005" time="0.753" errors="0" timestamp="2024-04-03T18:39:34 IST" skipped="0">
  <testcase classname="TestCase.TestScript_005" name="responseFor_HttpDeleteRequest" time="0.753"/>
  <system-out>
    <![CDATA[The Status code of the HttpResponse received against Http-Delete request is the same as expected : 204]]>
  </system-out>
</testsuite> <!-- TestCase.TestScript_005 -->
