<?xml version="1.0" encoding="UTF-8"?>
<!-- Generated by org.testng.reporters.JUnitReportReporter -->
<testsuite hostname="DESKTOP-L4023GU" failures="0" tests="1" name="TestCase.TestScript_002" time="0.736" errors="0" timestamp="2024-04-03T18:39:34 IST" skipped="0">
  <testcase classname="TestCase.TestScript_002" name="responseForHttpGetRequest_SingleUser" time="0.736"/>
  <system-out>
    <![CDATA[The Status code of the HttpResponse received against Http-Get request for Single User is the same as expected : 200
The Response Body received against Http-Get request for Single User is : {"data":{"id":2,"email":"janet.weaver@reqres.in","first_name":"Janet","last_name":"Weaver","avatar":"https://reqres.in/img/faces/2-image.jpg"},"support":{"url":"https://reqres.in/#support-heading","text":"To keep ReqRes free, contributions towards server costs are appreciated!"}}
Actual Email_Id in jsonPayload of the ResponseBody received against Http-get request is the same as expected as the Actual_Email_Id of the user is :janet.weaver@reqres.in whereas the Expected_Email_Id of the user is : janet.weaver@reqres.in
User_id of the user in the dataBase is : 2]]>
  </system-out>
</testsuite> <!-- TestCase.TestScript_002 -->
