<?xml version="1.0" encoding="UTF-8"?>
<!-- Generated by org.testng.reporters.JUnitReportReporter -->
<testsuite hostname="DESKTOP-L4023GU" failures="0" tests="1" name="TestCase.TestScript_004" time="0.730" errors="0" timestamp="2024-04-03T18:39:34 IST" skipped="0">
  <testcase classname="TestCase.TestScript_004" name="responseForHttp_PutRequest" time="0.730"/>
  <system-out>
    <![CDATA[The Status code of the HttpResponse received against Http-Put request is the same as expected : 200
The Response Body received against Http-Put request is : {"name":"morpheus","job":"leader","updatedAt":"2024-04-03T13:09:32.414Z"}
The actualJobOfUser_Morpheus in the jsonPayload of ResponseBody received against Http-Put request is the same as expected as the ActualJobOfUser_Morpheus is :leader whereas the ExpectedJobOfUser_Morpheus is : leader
The information of the user is updated through HTTP-Put request at : 2024-04-03T13:09:32.414Z]]>
  </system-out>
</testsuite> <!-- TestCase.TestScript_004 -->
