<?xml version="1.0" encoding="UTF-8"?>
<!-- Generated by org.testng.reporters.JUnitReportReporter -->
<testsuite hostname="DESKTOP-L4023GU" failures="0" tests="2" name="TestCase.TestScript_007" time="0.636" errors="0" timestamp="2024-04-03T18:39:34 IST" skipped="0">
  <testcase classname="TestCase.TestScript_007" name="createJsonArrayAs_Payload_usingNestedJsonData" time="0.023"/>
  <system-out>
    <![CDATA[Creating jsonArray by adding POJO_Class_03 object one by one in order to use it as Payload in the next TestCase]]>
  </system-out>
  <testcase classname="TestCase.TestScript_007" name="responseForHttp_PostRequest_JsonArray_asPayload_nestedJsonPayload" time="0.613"/>
  <system-out>
    <![CDATA[The Status code of the HttpResponse received against Http-Post request having JsonArray as Payload_nestedJsonData is same as expected : 201
ResponseBody received : [{"firstName":"Vijay","lastName":"Salgaunkar","gender":"Male","age":"42.0","salary":"55000.0","address":{"street":"VascoStreet","city":"Panjim","state":"Goa","pinCode":"1100546.0"}}]]]>
  </system-out>
</testsuite> <!-- TestCase.TestScript_007 -->
