<?xml version="1.0" encoding="UTF-8"?>
<!-- Generated by org.testng.reporters.JUnitReportReporter -->
<testsuite hostname="DESKTOP-L4023GU" failures="0" tests="3" name="TestCase.testscript006" time="1.201" errors="0" timestamp="2024-04-03T18:39:34 IST" skipped="0">
  <testcase classname="TestCase.testscript006" name="createJsonArrayAs_Payload" time="0.010"/>
  <system-out>
    <![CDATA[Creating jsonArray by adding POJO_Class_02 object one by one in order to use it as Payload in the next TestCase]]>
  </system-out>
  <testcase classname="TestCase.testscript006" name="createJsonArrayAs_Payload" time="0.151"/>
  <system-out>
    <![CDATA[Creating jsonArray by adding POJO_Class_02 object one by one in order to use it as Payload in the next TestCase]]>
  </system-out>
  <testcase classname="TestCase.testscript006" name="responseForHttp_PostRequest_JsonArray_asPayload" time="1.040"/>
  <system-out>
    <![CDATA[The Status code of the HttpResponse received against Http-Post request having JsonArray as Payload is same as expected : 201
ResponseBody received : [{"firstName":"Mahesh","lastName":"Singh","gender":"Male","age":"32.0","salary":"25000.0"},{"firstName":"Rajat","lastName":"Singh","gender":"Male","age":"28.0","salary":"55000.0"}]]]>
  </system-out>
</testsuite> <!-- TestCase.testscript006 -->
