<?xml version="1.0" encoding="UTF-8"?>
<!-- Generated by org.testng.reporters.JUnitReportReporter -->
<testsuite hostname="DESKTOP-L4023GU" failures="0" tests="1" name="TestCase.TestScript_001" time="11.138" errors="0" timestamp="2024-04-03T18:39:34 IST" skipped="0">
  <testcase classname="TestCase.TestScript_001" name="responseForHttpPostRequest" time="11.138"/>
  <system-out>
    <![CDATA[The Status code of the HttpResponse received against Http-Post request is same as expected : 201
The Response Body received against Http-Post request is : {"name":"morpheus","job":"leader","id":"840","createdAt":"2024-04-03T13:09:26.916Z"}
Actual UserName in jsonPayload of the ResponseBody received against Http-Post request is same as the Expected UserName as the ActualUserName is :morpheus whereas the ExpectedNameOfTheUser is : morpheus
id generated for the user in the dataBase after HTTP-Post request is : 840]]>
  </system-out>
</testsuite> <!-- TestCase.TestScript_001 -->
